<?xml version="1.0" encoding="UTF-8"?>
<!-- Generated by org.testng.reporters.JUnitReportReporter -->
<testsuite hostname="LAPTOP-0HNU0H6D" failures="0" tests="2" name="sush.Admin.DeleteUser" time="17.772" errors="0" timestamp="2021-09-13T23:54:40 IST" skipped="0">
  <testcase classname="sush.Admin.DeleteUser" name="checkLogin" time="6.150"/>
  <system-out/>
  <testcase classname="sush.Admin.DeleteUser" name="deleteUser" time="11.622"/>
  <system-out/>
</testsuite> <!-- sush.Admin.DeleteUser -->
