<?xml version="1.0" encoding="UTF-8"?>
<!-- Generated by org.testng.reporters.JUnitReportReporter -->
<testsuite hostname="LAPTOP-0HNU0H6D" failures="0" tests="2" name="sush.User.BadgesAndFeedback" time="31.329" errors="0" timestamp="2021-09-14T17:29:27 IST" skipped="0">
  <testcase classname="sush.User.BadgesAndFeedback" name="Login" time="10.719"/>
  <system-out/>
  <testcase classname="sush.User.BadgesAndFeedback" name="showBadges" time="20.610"/>
  <system-out/>
</testsuite> <!-- sush.User.BadgesAndFeedback -->
