<?xml version="1.0" encoding="UTF-8"?>
<!-- Generated by org.testng.reporters.JUnitReportReporter -->
<testsuite hostname="LAPTOP-0HNU0H6D" failures="0" tests="2" name="sush.User.UpdateUserProfile" time="71.712" errors="0" timestamp="2021-09-14T13:20:30 IST" skipped="0">
  <testcase classname="sush.User.UpdateUserProfile" name="checkLogin" time="37.049"/>
  <system-out/>
  <testcase classname="sush.User.UpdateUserProfile" name="updateProfile" time="34.663"/>
  <system-out/>
</testsuite> <!-- sush.User.UpdateUserProfile -->
