<?xml version="1.0" encoding="UTF-8"?>
<!-- Generated by org.testng.reporters.JUnitReportReporter -->
<testsuite hostname="LAPTOP-0HNU0H6D" failures="0" tests="2" name="sush.Admin.CreateCourseTest" time="98.123" errors="0" timestamp="2021-09-06T13:25:27 IST" skipped="0">
  <testcase classname="sush.Admin.CreateCourseTest" name="checkLogin" time="6.440"/>
  <system-out/>
  <testcase classname="sush.Admin.CreateCourseTest" name="createCourse" time="91.683"/>
  <system-out/>
</testsuite> <!-- sush.Admin.CreateCourseTest -->
