<?xml version="1.0" encoding="UTF-8"?>
<!-- Generated by org.testng.reporters.JUnitReportReporter -->
<testsuite hostname="LAPTOP-0HNU0H6D" failures="0" tests="2" name="sush.User.EnrollCourse" time="59.003" errors="0" timestamp="2021-09-14T18:44:04 IST" skipped="0">
  <testcase classname="sush.User.EnrollCourse" name="checkLogin" time="33.589"/>
  <system-out/>
  <testcase classname="sush.User.EnrollCourse" name="enroll" time="25.414"/>
  <system-out/>
</testsuite> <!-- sush.User.EnrollCourse -->
