<?xml version="1.0" encoding="UTF-8"?>
<!-- Generated by org.testng.reporters.JUnitReportReporter -->
<testsuite hostname="LAPTOP-0HNU0H6D" failures="0" tests="2" name="sush.Admin.CreateUser" time="15.465" errors="0" timestamp="2021-09-13T23:49:47 IST" skipped="0">
  <testcase classname="sush.Admin.CreateUser" name="checkLogin" time="5.983"/>
  <system-out/>
  <testcase classname="sush.Admin.CreateUser" name="createUser" time="9.482"/>
  <system-out/>
</testsuite> <!-- sush.Admin.CreateUser -->
