<?xml version="1.0" encoding="UTF-8"?>
<!-- Generated by org.testng.reporters.JUnitReportReporter -->
<testsuite hostname="LAPTOP-K932JURE" name="sush.Admin.Base" tests="1" failures="0" timestamp="5 Sep 2021 07:05:49 GMT" time="69.261" errors="0">
  <testcase name="initializeBrowser" time="69.261" classname="sush.Admin.Base"/>
</testsuite> <!-- sush.Admin.Base -->
